<?xml version="1.0" encoding="UTF-8"?>
<!-- Generated by org.testng.reporters.JUnitXMLReporter -->
<testsuite ignored="0" hostname="BILL-C02G60A3Q6LW.local" failures="0" tests="3" name="Surefire test" time="13.408" errors="0" timestamp="2023-03-13T20:32:56 CET">
  <testcase classname="com.renju.training.jenkins2.JenCalcTest" name="addTest" time="0.008"/>
  <testcase classname="com.renju.training.jenkins2.JenCalcTest" name="subTest" time="0.0"/>
  <testcase classname="com.renju.training.jenkins2.SampleSeleniumTest" name="test" time="5.05"/>
</testsuite> <!-- Surefire test -->
