<?xml version="1.0" encoding="UTF-8"?>
<testng-results ignored="0" total="3" passed="3" failed="0" skipped="0">
  <reporter-output>
  </reporter-output>
  <suite started-at="2023-03-13T20:32:43 CET" name="Surefire suite" finished-at="2023-03-13T20:32:56 CET" duration-ms="13408">
    <groups>
    </groups>
    <test started-at="2023-03-13T20:32:43 CET" name="Surefire test" finished-at="2023-03-13T20:32:56 CET" duration-ms="13408">
      <class name="com.renju.training.jenkins2.SampleSeleniumTest">
        <test-method is-config="true" signature="startBrowser()[pri:0, instance:com.renju.training.jenkins2.SampleSeleniumTest@d3957fe]" started-at="2023-03-13T20:32:43 CET" name="startBrowser" finished-at="2023-03-13T20:32:51 CET" duration-ms="8100" status="PASS">
          <reporter-output>
          </reporter-output>
        </test-method> <!-- startBrowser -->
        <test-method signature="test()[pri:0, instance:com.renju.training.jenkins2.SampleSeleniumTest@d3957fe]" started-at="2023-03-13T20:32:51 CET" name="test" finished-at="2023-03-13T20:32:56 CET" duration-ms="5050" status="PASS">
          <reporter-output>
          </reporter-output>
        </test-method> <!-- test -->
        <test-method is-config="true" signature="closeBrowser()[pri:0, instance:com.renju.training.jenkins2.SampleSeleniumTest@d3957fe]" started-at="2023-03-13T20:32:56 CET" name="closeBrowser" finished-at="2023-03-13T20:32:56 CET" duration-ms="222" status="PASS">
          <reporter-output>
          </reporter-output>
        </test-method> <!-- closeBrowser -->
      </class> <!-- com.renju.training.jenkins2.SampleSeleniumTest -->
      <class name="com.renju.training.jenkins2.JenCalcTest">
        <test-method signature="addTest()[pri:0, instance:com.renju.training.jenkins2.JenCalcTest@10ded6a9]" started-at="2023-03-13T20:32:43 CET" name="addTest" finished-at="2023-03-13T20:32:43 CET" duration-ms="8" status="PASS">
          <reporter-output>
          </reporter-output>
        </test-method> <!-- addTest -->
        <test-method signature="subTest()[pri:0, instance:com.renju.training.jenkins2.JenCalcTest@10ded6a9]" started-at="2023-03-13T20:32:43 CET" name="subTest" finished-at="2023-03-13T20:32:43 CET" duration-ms="0" status="PASS">
          <reporter-output>
          </reporter-output>
        </test-method> <!-- subTest -->
      </class> <!-- com.renju.training.jenkins2.JenCalcTest -->
    </test> <!-- Surefire test -->
  </suite> <!-- Surefire suite -->
</testng-results>
